Pos   Hex Data           Description or Code
------------------------------------------------------------------------
0000                     ** source chunk: hello_fun.lua
                         ** global header start **
0000  1B4C7561           header signature: "\27Lua"
0004  51                 version (major:minor hex digits)
0005  00                 format (0=official)
0006  01                 endianness (1=little endian)
0007  04                 size of int (bytes)
0008  04                 size of size_t (bytes)
0009  04                 size of Instruction (bytes)
000A  08                 size of number (bytes)
000B  00                 integral (1=integral)
                         * number type: double
                         * x86 standard (32-bit, little endian, doubles)
                         ** global header end **
                         
000C                     ** function [0] definition (level 1)
                         ** start of function **
000C  0E000000           string size (14)
0010  68656C6C6F5F6675+  "hello_fu"
0018  6E2E6C756100       "n.lua\0"
                         source name: hello_fun.lua
001E  00000000           line defined (0)
0022  00000000           last line defined (0)
0026  00                 nups (0)
0027  00                 numparams (0)
0028  02                 is_vararg (2)
0029  02                 maxstacksize (2)
                         * code:
002A  05000000           sizecode (5)
002E  24000000           [1] closure    0   0        ; 0 upvalues
0032  07000000           [2] setglobal  0   0        ; hello
0036  05000000           [3] getglobal  0   0        ; hello
003A  1C408000           [4] call       0   1   1  
003E  1E008000           [5] return     0   1      
                         * constants:
0042  01000000           sizek (1)
0046  04                 const type 4
0047  06000000           string size (6)
004B  68656C6C6F00       "hello\0"
                         const [0]: "hello"
                         * functions:
0051  01000000           sizep (1)
                         
0055                     ** function [0] definition (level 2)
                         ** start of function **
0055  00000000           string size (0)
                         source name: (none)
0059  01000000           line defined (1)
005D  03000000           last line defined (3)
0061  00                 nups (0)
0062  00                 numparams (0)
0063  00                 is_vararg (0)
0064  02                 maxstacksize (2)
                         * code:
0065  04000000           sizecode (4)
0069  05000000           [1] getglobal  0   0        ; print
006D  41400000           [2] loadk      1   1        ; "hello"
0071  1C400001           [3] call       0   2   1  
0075  1E008000           [4] return     0   1      
                         * constants:
0079  02000000           sizek (2)
007D  04                 const type 4
007E  06000000           string size (6)
0082  7072696E7400       "print\0"
                         const [0]: "print"
0088  04                 const type 4
0089  06000000           string size (6)
008D  68656C6C6F00       "hello\0"
                         const [1]: "hello"
                         * functions:
0093  00000000           sizep (0)
                         * lines:
0097  04000000           sizelineinfo (4)
                         [pc] (line)
009B  02000000           [1] (2)
009F  02000000           [2] (2)
00A3  02000000           [3] (2)
00A7  03000000           [4] (3)
                         * locals:
00AB  00000000           sizelocvars (0)
                         * upvalues:
00AF  00000000           sizeupvalues (0)
                         ** end of function **

                         * lines:
00B3  05000000           sizelineinfo (5)
                         [pc] (line)
00B7  03000000           [1] (3)
00BB  01000000           [2] (1)
00BF  05000000           [3] (5)
00C3  05000000           [4] (5)
00C7  05000000           [5] (5)
                         * locals:
00CB  00000000           sizelocvars (0)
                         * upvalues:
00CF  00000000           sizeupvalues (0)
                         ** end of function **

00D3                     ** end of chunk **
